<?xml version="1.0" encoding="UTF-8"?>
<!-- Generated by org.testng.reporters.JUnitReportReporter -->
<testsuite hostname="DESKTOP-CRT2G8C" failures="0" tests="1" name="testing.GoogleTitle" time="28.290" errors="0" timestamp="21 Aug 2020 15:19:35 GMT">
  <testcase classname="testing.GoogleTitle" name="Title" time="28.290"/>
</testsuite> <!-- testing.GoogleTitle -->
