<?xml version="1.0" encoding="UTF-8"?>
<!-- Generated by org.testng.reporters.JUnitReportReporter -->
<testsuite hostname="DESKTOP-CRT2G8C" failures="0" tests="1" name="testing.GoogleTitle" time="41.427" errors="0" timestamp="10 Aug 2020 07:39:57 GMT">
  <testcase classname="testing.GoogleTitle" name="Title" time="41.427"/>
</testsuite> <!-- testing.GoogleTitle -->
